# JRE version: Java(TM) SE Runtime Environment (8.0_251-b08) (build 1.8.0_251-b08)
# Java VM: Java HotSpot(TM) 64-Bit Server VM (25.251-b08 mixed mode linux-amd64 compressed oops)
Heap:
 PSYoungGen      total 143360K, used 7680K [0x0000000782180000, 0x000000078bd80000, 0x00000007c0000000)
  eden space 135680K, 0% used [0x0000000782180000,0x0000000782180000,0x000000078a600000)
  from space 7680K, 100% used [0x000000078ae80000,0x000000078b600000,0x000000078b600000)
  to   space 7680K, 0% used [0x000000078b600000,0x000000078b600000,0x000000078bd80000)
 ParOldGen       total 430592K, used 413570K [0x0000000706400000, 0x0000000720880000, 0x0000000782180000)
  object space 430592K, 96% used [0x0000000706400000,0x000000071f7e08d0,0x0000000720880000)
 Metaspace       used 2716K, capacity 4490K, committed 4864K, reserved 1056768K
  class space    used 289K, capacity 386K, committed 512K, reserved 1048576K
GC Heap History (10 events):
Event: 1.698 GC heap after
Heap after GC invocations=2 (full 0):
 PSYoungGen      total 103936K, used 7648K [0x0000000782180000, 0x0000000788e80000, 0x00000007c0000000)
  eden space 96256K, 0% used [0x0000000782180000,0x0000000782180000,0x0000000787f80000)
  from space 7680K, 99% used [0x0000000788700000,0x0000000788e78020,0x0000000788e80000)
  to   space 7680K, 0% used [0x0000000787f80000,0x0000000787f80000,0x0000000788700000)
 ParOldGen       total 126976K, used 86832K [0x0000000706400000, 0x000000070e000000, 0x0000000782180000)
  object space 126976K, 68% used [0x0000000706400000,0x000000070b8cc000,0x000000070e000000)
 Metaspace       used 2716K, capacity 4490K, committed 4864K, reserved 1056768K
  class space    used 289K, capacity 386K, committed 512K, reserved 1048576K
}
Event: 1.699 GC heap before
{Heap before GC invocations=3 (full 1):
 PSYoungGen      total 103936K, used 7648K [0x0000000782180000, 0x0000000788e80000, 0x00000007c0000000)
  eden space 96256K, 0% used [0x0000000782180000,0x0000000782180000,0x0000000787f80000)
  from space 7680K, 99% used [0x0000000788700000,0x0000000788e78020,0x0000000788e80000)
  to   space 7680K, 0% used [0x0000000787f80000,0x0000000787f80000,0x0000000788700000)
 ParOldGen       total 126976K, used 86832K [0x0000000706400000, 0x000000070e000000, 0x0000000782180000)
  object space 126976K, 68% used [0x0000000706400000,0x000000070b8cc000,0x000000070e000000)
 Metaspace       used 2716K, capacity 4490K, committed 4864K, reserved 1056768K
  class space    used 289K, capacity 386K, committed 512K, reserved 1048576K
Event: 6.235 GC heap after
Heap after GC invocations=3 (full 1):
 PSYoungGen      total 103936K, used 0K [0x0000000782180000, 0x0000000788e80000, 0x00000007c0000000)
  eden space 96256K, 0% used [0x0000000782180000,0x0000000782180000,0x0000000787f80000)
  from space 7680K, 0% used [0x0000000788700000,0x0000000788700000,0x0000000788e80000)
  to   space 7680K, 0% used [0x0000000787f80000,0x0000000787f80000,0x0000000788700000)
 ParOldGen       total 228864K, used 94081K [0x0000000706400000, 0x0000000714380000, 0x0000000782180000)
  object space 228864K, 41% used [0x0000000706400000,0x000000070bfe0510,0x0000000714380000)
 Metaspace       used 2716K, capacity 4490K, committed 4864K, reserved 1056768K
  class space    used 289K, capacity 386K, committed 512K, reserved 1048576K
}
Event: 6.343 GC heap before
{Heap before GC invocations=4 (full 1):
 PSYoungGen      total 103936K, used 96256K [0x0000000782180000, 0x0000000788e80000, 0x00000007c0000000)
  eden space 96256K, 100% used [0x0000000782180000,0x0000000787f80000,0x0000000787f80000)
  from space 7680K, 0% used [0x0000000788700000,0x0000000788700000,0x0000000788e80000)
  to   space 7680K, 0% used [0x0000000787f80000,0x0000000787f80000,0x0000000788700000)
 ParOldGen       total 228864K, used 94081K [0x0000000706400000, 0x0000000714380000, 0x0000000782180000)
  object space 228864K, 41% used [0x0000000706400000,0x000000070bfe0510,0x0000000714380000)
 Metaspace       used 2716K, capacity 4490K, committed 4864K, reserved 1056768K
  class space    used 289K, capacity 386K, committed 512K, reserved 1048576K
Event: 7.034 GC heap after
Heap after GC invocations=4 (full 1):
 PSYoungGen      total 103936K, used 7680K [0x0000000782180000, 0x000000078bd80000, 0x00000007c0000000)
  eden space 96256K, 0% used [0x0000000782180000,0x0000000782180000,0x0000000787f80000)
  from space 7680K, 100% used [0x0000000787f80000,0x0000000788700000,0x0000000788700000)
  to   space 7680K, 0% used [0x000000078b600000,0x000000078b600000,0x000000078bd80000)
 ParOldGen       total 228864K, used 181097K [0x0000000706400000, 0x0000000714380000, 0x0000000782180000)
  object space 228864K, 79% used [0x0000000706400000,0x00000007114da510,0x0000000714380000)
 Metaspace       used 2716K, capacity 4490K, committed 4864K, reserved 1056768K
  class space    used 289K, capacity 386K, committed 512K, reserved 1048576K
}
Event: 7.034 GC heap before
{Heap before GC invocations=5 (full 2):
 PSYoungGen      total 103936K, used 7680K [0x0000000782180000, 0x000000078bd80000, 0x00000007c0000000)
  eden space 96256K, 0% used [0x0000000782180000,0x0000000782180000,0x0000000787f80000)
  from space 7680K, 100% used [0x0000000787f80000,0x0000000788700000,0x0000000788700000)
  to   space 7680K, 0% used [0x000000078b600000,0x000000078b600000,0x000000078bd80000)
 ParOldGen       total 228864K, used 181097K [0x0000000706400000, 0x0000000714380000, 0x0000000782180000)
  object space 228864K, 79% used [0x0000000706400000,0x00000007114da510,0x0000000714380000)
 Metaspace       used 2716K, capacity 4490K, committed 4864K, reserved 1056768K
  class space    used 289K, capacity 386K, committed 512K, reserved 1048576K
Event: 11.854 GC heap after
Heap after GC invocations=5 (full 2):
 PSYoungGen      total 103936K, used 0K [0x0000000782180000, 0x000000078bd80000, 0x00000007c0000000)
  eden space 96256K, 0% used [0x0000000782180000,0x0000000782180000,0x0000000787f80000)
  from space 7680K, 0% used [0x0000000787f80000,0x0000000787f80000,0x0000000788700000)
  to   space 7680K, 0% used [0x000000078b600000,0x000000078b600000,0x000000078bd80000)
 ParOldGen       total 430592K, used 188410K [0x0000000706400000, 0x0000000720880000, 0x0000000782180000)
  object space 430592K, 43% used [0x0000000706400000,0x0000000711bfe8d0,0x0000000720880000)
 Metaspace       used 2716K, capacity 4490K, committed 4864K, reserved 1056768K
  class space    used 289K, capacity 386K, committed 512K, reserved 1048576K
}
Event: 11.894 GC heap before
{Heap before GC invocations=6 (full 2):
 PSYoungGen      total 103936K, used 96256K [0x0000000782180000, 0x000000078bd80000, 0x00000007c0000000)
  eden space 96256K, 100% used [0x0000000782180000,0x0000000787f80000,0x0000000787f80000)
  from space 7680K, 0% used [0x0000000787f80000,0x0000000787f80000,0x0000000788700000)
  to   space 7680K, 0% used [0x000000078b600000,0x000000078b600000,0x000000078bd80000)
 ParOldGen       total 430592K, used 188410K [0x0000000706400000, 0x0000000720880000, 0x0000000782180000)
  object space 430592K, 43% used [0x0000000706400000,0x0000000711bfe8d0,0x0000000720880000)
 Metaspace       used 2716K, capacity 4490K, committed 4864K, reserved 1056768K
  class space    used 289K, capacity 386K, committed 512K, reserved 1048576K
Event: 12.650 GC heap after
Heap after GC invocations=6 (full 2):
 PSYoungGen      total 143360K, used 7680K [0x0000000782180000, 0x000000078bd80000, 0x00000007c0000000)
  eden space 135680K, 0% used [0x0000000782180000,0x0000000782180000,0x000000078a600000)
  from space 7680K, 100% used [0x000000078b600000,0x000000078bd80000,0x000000078bd80000)
  to   space 7680K, 0% used [0x000000078ae80000,0x000000078ae80000,0x000000078b600000)
 ParOldGen       total 430592K, used 277346K [0x0000000706400000, 0x0000000720880000, 0x0000000782180000)
  object space 430592K, 64% used [0x0000000706400000,0x00000007172d88d0,0x0000000720880000)
 Metaspace       used 2716K, capacity 4490K, committed 4864K, reserved 1056768K
  class space    used 289K, capacity 386K, committed 512K, reserved 1048576K
}
Event: 12.759 GC heap before
{Heap before GC invocations=7 (full 2):
 PSYoungGen      total 143360K, used 143360K [0x0000000782180000, 0x000000078bd80000, 0x00000007c0000000)
  eden space 135680K, 100% used [0x0000000782180000,0x000000078a600000,0x000000078a600000)
  from space 7680K, 100% used [0x000000078b600000,0x000000078bd80000,0x000000078bd80000)
  to   space 7680K, 0% used [0x000000078ae80000,0x000000078ae80000,0x000000078b600000)
 ParOldGen       total 430592K, used 277346K [0x0000000706400000, 0x0000000720880000, 0x0000000782180000)
  object space 430592K, 64% used [0x0000000706400000,0x00000007172d88d0,0x0000000720880000)
 Metaspace       used 2716K, capacity 4490K, committed 4864K, reserved 1056768K
  class space    used 289K, capacity 386K, committed 512K, reserved 1048576K

