# JRE version: Java(TM) SE Runtime Environment (8.0_251-b08) (build 1.8.0_251-b08)
# Java VM: Java HotSpot(TM) 64-Bit Server VM (25.251-b08 mixed mode linux-amd64 compressed oops)
Heap:
 PSYoungGen      total 362496K, used 176128K [0x0000000782180000, 0x00000007a3e00000, 0x00000007c0000000)
  eden space 186368K, 0% used [0x0000000782180000,0x0000000782180000,0x000000078d780000)
  from space 176128K, 100% used [0x000000078d780000,0x0000000798380000,0x0000000798380000)
  to   space 155648K, 0% used [0x0000000798380000,0x0000000798380000,0x00000007a1b80000)
 ParOldGen       total 798720K, used 573703K [0x0000000706400000, 0x0000000737000000, 0x0000000782180000)
  object space 798720K, 71% used [0x0000000706400000,0x0000000729441ca0,0x0000000737000000)
 Metaspace       used 2717K, capacity 4490K, committed 4864K, reserved 1056768K
  class space    used 289K, capacity 386K, committed 512K, reserved 1048576K
GC Heap History (10 events):
Event: 12.761 GC heap after
Heap after GC invocations=5 (full 2):
 PSYoungGen      total 103936K, used 0K [0x0000000782180000, 0x000000078bc00000, 0x00000007c0000000)
  eden space 96256K, 0% used [0x0000000782180000,0x0000000782180000,0x0000000787f80000)
  from space 7680K, 0% used [0x0000000787f80000,0x0000000787f80000,0x0000000788700000)
  to   space 7680K, 0% used [0x000000078b480000,0x000000078b480000,0x000000078bc00000)
 ParOldGen       total 433664K, used 188409K [0x0000000706400000, 0x0000000720b80000, 0x0000000782180000)
  object space 433664K, 43% used [0x0000000706400000,0x0000000711bfe710,0x0000000720b80000)
 Metaspace       used 2717K, capacity 4490K, committed 4864K, reserved 1056768K
  class space    used 289K, capacity 386K, committed 512K, reserved 1048576K
}
Event: 12.794 GC heap before
{Heap before GC invocations=6 (full 2):
 PSYoungGen      total 103936K, used 96256K [0x0000000782180000, 0x000000078bc00000, 0x00000007c0000000)
  eden space 96256K, 100% used [0x0000000782180000,0x0000000787f80000,0x0000000787f80000)
  from space 7680K, 0% used [0x0000000787f80000,0x0000000787f80000,0x0000000788700000)
  to   space 7680K, 0% used [0x000000078b480000,0x000000078b480000,0x000000078bc00000)
 ParOldGen       total 433664K, used 188409K [0x0000000706400000, 0x0000000720b80000, 0x0000000782180000)
  object space 433664K, 43% used [0x0000000706400000,0x0000000711bfe710,0x0000000720b80000)
 Metaspace       used 2717K, capacity 4490K, committed 4864K, reserved 1056768K
  class space    used 289K, capacity 386K, committed 512K, reserved 1048576K
Event: 13.772 GC heap after
Heap after GC invocations=6 (full 2):
 PSYoungGen      total 142848K, used 7680K [0x0000000782180000, 0x000000078bc00000, 0x00000007c0000000)
  eden space 135168K, 0% used [0x0000000782180000,0x0000000782180000,0x000000078a580000)
  from space 7680K, 100% used [0x000000078b480000,0x000000078bc00000,0x000000078bc00000)
  to   space 7680K, 0% used [0x000000078ad00000,0x000000078ad00000,0x000000078b480000)
 ParOldGen       total 433664K, used 277361K [0x0000000706400000, 0x0000000720b80000, 0x0000000782180000)
  object space 433664K, 63% used [0x0000000706400000,0x00000007172dc710,0x0000000720b80000)
 Metaspace       used 2717K, capacity 4490K, committed 4864K, reserved 1056768K
  class space    used 289K, capacity 386K, committed 512K, reserved 1048576K
}
Event: 13.907 GC heap before
{Heap before GC invocations=7 (full 2):
 PSYoungGen      total 142848K, used 142848K [0x0000000782180000, 0x000000078bc00000, 0x00000007c0000000)
  eden space 135168K, 100% used [0x0000000782180000,0x000000078a580000,0x000000078a580000)
  from space 7680K, 100% used [0x000000078b480000,0x000000078bc00000,0x000000078bc00000)
  to   space 7680K, 0% used [0x000000078ad00000,0x000000078ad00000,0x000000078b480000)
 ParOldGen       total 433664K, used 277361K [0x0000000706400000, 0x0000000720b80000, 0x0000000782180000)
  object space 433664K, 63% used [0x0000000706400000,0x00000007172dc710,0x0000000720b80000)
 Metaspace       used 2717K, capacity 4490K, committed 4864K, reserved 1056768K
  class space    used 289K, capacity 386K, committed 512K, reserved 1048576K
Event: 15.236 GC heap after
Heap after GC invocations=7 (full 2):
 PSYoungGen      total 150528K, used 7680K [0x0000000782180000, 0x00000007a1b80000, 0x00000007c0000000)
  eden space 142848K, 0% used [0x0000000782180000,0x0000000782180000,0x000000078ad00000)
  from space 7680K, 100% used [0x000000078ad00000,0x000000078b480000,0x000000078b480000)
  to   space 155648K, 0% used [0x0000000798380000,0x0000000798380000,0x00000007a1b80000)
 ParOldGen       total 433664K, used 413073K [0x0000000706400000, 0x0000000720b80000, 0x0000000782180000)
  object space 433664K, 95% used [0x0000000706400000,0x000000071f764710,0x0000000720b80000)
 Metaspace       used 2717K, capacity 4490K, committed 4864K, reserved 1056768K
  class space    used 289K, capacity 386K, committed 512K, reserved 1048576K
}
Event: 15.236 GC heap before
{Heap before GC invocations=8 (full 3):
 PSYoungGen      total 150528K, used 7680K [0x0000000782180000, 0x00000007a1b80000, 0x00000007c0000000)
  eden space 142848K, 0% used [0x0000000782180000,0x0000000782180000,0x000000078ad00000)
  from space 7680K, 100% used [0x000000078ad00000,0x000000078b480000,0x000000078b480000)
  to   space 155648K, 0% used [0x0000000798380000,0x0000000798380000,0x00000007a1b80000)
 ParOldGen       total 433664K, used 413073K [0x0000000706400000, 0x0000000720b80000, 0x0000000782180000)
  object space 433664K, 95% used [0x0000000706400000,0x000000071f764710,0x0000000720b80000)
 Metaspace       used 2717K, capacity 4490K, committed 4864K, reserved 1056768K
  class space    used 289K, capacity 386K, committed 512K, reserved 1048576K
Event: 40.414 GC heap after
Heap after GC invocations=8 (full 3):
 PSYoungGen      total 150528K, used 0K [0x0000000782180000, 0x00000007a1b80000, 0x00000007c0000000)
  eden space 142848K, 0% used [0x0000000782180000,0x0000000782180000,0x000000078ad00000)
  from space 7680K, 0% used [0x000000078ad00000,0x000000078ad00000,0x000000078b480000)
  to   space 155648K, 0% used [0x0000000798380000,0x0000000798380000,0x00000007a1b80000)
 ParOldGen       total 798720K, used 419831K [0x0000000706400000, 0x0000000737000000, 0x0000000782180000)
  object space 798720K, 52% used [0x0000000706400000,0x000000071fdfdca0,0x0000000737000000)
 Metaspace       used 2717K, capacity 4490K, committed 4864K, reserved 1056768K
  class space    used 289K, capacity 386K, committed 512K, reserved 1048576K
}
Event: 40.537 GC heap before
{Heap before GC invocations=9 (full 3):
 PSYoungGen      total 150528K, used 142848K [0x0000000782180000, 0x00000007a1b80000, 0x00000007c0000000)
  eden space 142848K, 100% used [0x0000000782180000,0x000000078ad00000,0x000000078ad00000)
  from space 7680K, 0% used [0x000000078ad00000,0x000000078ad00000,0x000000078b480000)
  to   space 155648K, 0% used [0x0000000798380000,0x0000000798380000,0x00000007a1b80000)
 ParOldGen       total 798720K, used 419831K [0x0000000706400000, 0x0000000737000000, 0x0000000782180000)
  object space 798720K, 52% used [0x0000000706400000,0x000000071fdfdca0,0x0000000737000000)
 Metaspace       used 2717K, capacity 4490K, committed 4864K, reserved 1056768K
  class space    used 289K, capacity 386K, committed 512K, reserved 1048576K
Event: 41.952 GC heap after
Heap after GC invocations=9 (full 3):
 PSYoungGen      total 342016K, used 143072K [0x0000000782180000, 0x00000007a3e00000, 0x00000007c0000000)
  eden space 186368K, 0% used [0x0000000782180000,0x0000000782180000,0x000000078d780000)
  from space 155648K, 91% used [0x0000000798380000,0x00000007a0f38000,0x00000007a1b80000)
  to   space 176128K, 0% used [0x000000078d780000,0x000000078d780000,0x0000000798380000)
 ParOldGen       total 798720K, used 419831K [0x0000000706400000, 0x0000000737000000, 0x0000000782180000)
  object space 798720K, 52% used [0x0000000706400000,0x000000071fdfdca0,0x0000000737000000)
 Metaspace       used 2717K, capacity 4490K, committed 4864K, reserved 1056768K
  class space    used 289K, capacity 386K, committed 512K, reserved 1048576K
}
Event: 42.090 GC heap before
{Heap before GC invocations=10 (full 3):
 PSYoungGen      total 342016K, used 329440K [0x0000000782180000, 0x00000007a3e00000, 0x00000007c0000000)
  eden space 186368K, 100% used [0x0000000782180000,0x000000078d780000,0x000000078d780000)
  from space 155648K, 91% used [0x0000000798380000,0x00000007a0f38000,0x00000007a1b80000)
  to   space 176128K, 0% used [0x000000078d780000,0x000000078d780000,0x0000000798380000)
 ParOldGen       total 798720K, used 419831K [0x0000000706400000, 0x0000000737000000, 0x0000000782180000)
  object space 798720K, 52% used [0x0000000706400000,0x000000071fdfdca0,0x0000000737000000)
 Metaspace       used 2717K, capacity 4490K, committed 4864K, reserved 1056768K
  class space    used 289K, capacity 386K, committed 512K, reserved 1048576K

